<?xml version="1.0" encoding="UTF-8"?>
<!-- Generated by org.testng.reporters.JUnitReportReporter -->
<testsuite hostname="Samadhan" failures="0" tests="3" name="test_2.test_D_6" time="0.014" errors="0" timestamp="2022-08-16T07:35:11 IST" skipped="0">
  <testcase classname="test_2.test_D_6" name="C" time="0.001"/>
  <system-out/>
  <testcase classname="test_2.test_D_6" name="B" time="0.004"/>
  <system-out/>
  <testcase classname="test_2.test_D_6" name="A" time="0.009"/>
  <system-out/>
</testsuite> <!-- test_2.test_D_6 -->
