<?xml version="1.0" encoding="UTF-8"?>
<!-- Generated by org.testng.reporters.JUnitReportReporter -->
<testsuite hostname="Samadhan" failures="0" tests="6" name="test_2.test_D_4" time="0.019" errors="0" timestamp="2022-08-13T17:18:21 IST" skipped="1">
  <testcase classname="test_2.test_D_4" name="E" time="0.002"/>
  <system-out/>
  <testcase classname="test_2.test_D_4" name="E" time="0.002"/>
  <system-out/>
  <testcase classname="test_2.test_D_4" name="C" time="0.009"/>
  <system-out/>
  <testcase classname="test_2.test_D_4" name="A" time="0.003"/>
  <system-out/>
  <testcase classname="test_2.test_D_4" name="B" time="0.003"/>
  <system-out/>
  <testcase classname="test_2.test_D_4" name="D">
    <skipped/>
  </testcase> <!-- D -->
  <system-out/>
</testsuite> <!-- test_2.test_D_4 -->
