<?xml version="1.0" encoding="UTF-8"?>
<!-- Generated by org.testng.reporters.JUnitReportReporter -->
<testsuite hostname="Samadhan" failures="0" tests="6" name="test_3.test_B_1" time="103.137" errors="0" timestamp="2022-08-16T09:58:50 IST" skipped="0">
  <testcase classname="test_3.test_B_1" name="test_C" time="5.731"/>
  <system-out/>
  <testcase classname="test_3.test_B_1" name="test_B" time="68.617"/>
  <system-out/>
  <testcase classname="test_3.test_B_1" name="test_B" time="5.747"/>
  <system-out/>
  <testcase classname="test_3.test_B_1" name="test_A" time="3.784"/>
  <system-out/>
  <testcase classname="test_3.test_B_1" name="test_A" time="9.397"/>
  <system-out/>
  <testcase classname="test_3.test_B_1" name="test_C" time="9.861"/>
  <system-out/>
</testsuite> <!-- test_3.test_B_1 -->
