<?xml version="1.0" encoding="UTF-8"?>
<!-- Generated by org.testng.reporters.JUnitReportReporter -->
<testsuite hostname="Samadhan" failures="0" tests="1" name="Test.test_case_001" time="122.089" errors="0" timestamp="2022-08-21T12:23:29 IST" skipped="0">
  <testcase classname="Test.test_case_001" name="t1" time="122.089"/>
  <system-out/>
</testsuite> <!-- Test.test_case_001 -->
