<?xml version="1.0" encoding="UTF-8"?>
<!-- Generated by org.testng.reporters.JUnitReportReporter -->
<testsuite hostname="Samadhan" failures="0" tests="1" name="test_2.rest_D_3" time="8.041" errors="0" timestamp="2022-08-16T08:54:00 IST" skipped="0">
  <testcase classname="test_2.rest_D_3" name="test_A" time="8.041"/>
  <system-out/>
</testsuite> <!-- test_2.rest_D_3 -->
