<?xml version="1.0" encoding="UTF-8"?>
<!-- Generated by org.testng.reporters.JUnitReportReporter -->
<testsuite hostname="Samadhan" failures="0" tests="4" name="test_2.rest_D_5" time="0.013" errors="0" timestamp="2022-08-16T09:27:33 IST" skipped="0">
  <testcase classname="test_2.rest_D_5" name="test_A" time="0.002"/>
  <system-out/>
  <testcase classname="test_2.rest_D_5" name="test_A" time="0.009"/>
  <system-out/>
  <testcase classname="test_2.rest_D_5" name="test_B" time="0.001"/>
  <system-out/>
  <testcase classname="test_2.rest_D_5" name="test_C" time="0.001"/>
  <system-out/>
</testsuite> <!-- test_2.rest_D_5 -->
