<?xml version="1.0" encoding="UTF-8"?>
<!-- Generated by org.testng.reporters.JUnitReportReporter -->
<testsuite hostname="Samadhan" failures="0" tests="1" name="test_3.test_B_3" time="11.123" errors="0" timestamp="2022-08-17T09:29:03 IST" skipped="0">
  <testcase classname="test_3.test_B_3" name="dn" time="11.123"/>
  <system-out/>
</testsuite> <!-- test_3.test_B_3 -->
