<?xml version="1.0" encoding="UTF-8"?>
<!-- Generated by org.testng.reporters.JUnitReportReporter -->
<testsuite hostname="Samadhan" failures="0" tests="3" name="test_2.test_D_1" time="0.018" errors="0" timestamp="2022-08-09T09:13:18 IST" skipped="0">
  <testcase classname="test_2.test_D_1" name="test_tc_002_b" time="0.003"/>
  <system-out/>
  <testcase classname="test_2.test_D_1" name="test_tc_003_c" time="0.002"/>
  <system-out/>
  <testcase classname="test_2.test_D_1" name="test_tc_001_a" time="0.013"/>
  <system-out/>
</testsuite> <!-- test_2.test_D_1 -->
