<?xml version="1.0" encoding="UTF-8"?>
<!-- Generated by org.testng.reporters.JUnitReportReporter -->
<testsuite hostname="Samadhan" failures="0" tests="2" name="test_2.rest_D_1" time="0.013" errors="0" timestamp="2022-08-16T08:32:51 IST" skipped="0">
  <testcase classname="test_2.rest_D_1" name="test_B" time="0.005"/>
  <system-out/>
  <testcase classname="test_2.rest_D_1" name="test_A" time="0.008"/>
  <system-out/>
</testsuite> <!-- test_2.rest_D_1 -->
