<?xml version="1.0" encoding="UTF-8"?>
<!-- Generated by org.testng.reporters.JUnitReportReporter -->
<testsuite hostname="Samadhan" failures="0" tests="2" name="test_2.test_D_3" time="16.234" errors="0" timestamp="2022-08-12T13:05:31 IST" skipped="0">
  <testcase classname="test_2.test_D_3" name="loginTest" time="10.055"/>
  <system-out/>
  <testcase classname="test_2.test_D_3" name="CreateNewTest" time="6.179"/>
  <system-out/>
</testsuite> <!-- test_2.test_D_3 -->
